<?xml version="1.0" encoding="UTF-8"?>
<!-- Generated by org.testng.reporters.JUnitReportReporter -->
<testsuite hostname="Alok" failures="0" tests="3" name="Test.Main" time="416.171" errors="0" timestamp="2023-06-26T03:02:20 IST" skipped="0">
  <testcase classname="Test.Main" name="test1" time="49.230"/>
  <testcase classname="Test.Main" name="test2" time="58.701"/>
  <testcase classname="Test.Main" name="verifyTimeSheetByStatus" time="308.240"/>
</testsuite> <!-- Test.Main -->
